11 4160

Ref  Actual
4211 4160
4211 4144
4211 4144
4211 4144
4207 4201
4211 4168
4215 4185
4211 4185
4211 4234
4211 4201
4215 4209
4211 4209
4211 4251
4215 4226
4215 4136
4220 4268
4211 4226
4215 4234
4215 4136
4215 4277
4211 4226
4215 4234
4215 4226
4215 4260
4215 4243
4215 4136
4215 4268
4211 4218
4215 4234
4215 4136
4215 4260
4215 4218
4215 4218
4215 4209
4215 4251
4215 4226
4220 4128
4215 4218
4211 4251
4215 4234
4220 4128
4215 4268
4215 4218
4220 4218
4215 4218
4211 4268
4211 4209
4220 4218
4220 4209
4215 4251
4215 4226
4220 4128
4220 4268
4211 4251
4215 4218
4220 4128
4220 4260
4211 4209
4215 4218
4215 4209
4215 4260
4215 4209
4215 4218
4220 4201
4220 4251
4215 4226
4215 4128
4220 4209
4211 4251
4215 4226
4211 4128
4220 4251
4211 4209
4215 4218
4211 4209
4215 4260
4215 4209
4215 4209
4215 4201
4215 4251
4215 4226
4220 4128
4220 4201
4215 4260
4215 4234
4220 4136
4215 4268
4211 4218
4220 4218
4215 4209
4215 4268
4220 4209
4220 4209
4215 4201
4215 4234
4220 4218
4215 4201
4215 4201
4215 4234
4220 4209
4215 4112
4220 4193
4211 4234
4215 4218
4220 4120
4215 4243
4211 4201
4220 4218
4215 4112
4215 4251
4211 4201
4215 4201
4220 4112
4215 4243
4211 4201
4215 4201
4220 11773
4207 4105
4295 4066
4211 4097
4211 4097
4211 4105
4211 4168
4211 4128
4215 4152
4211 4066
4215 4193
4211 4201
4215 4177
4215 4089
4215 4168
4211 4218
4215 4201
4215 4185
4215 4185
4215 4234
4211 4209
4215 4105
4215 4193
4211 4234
4215 4209
4220 4120
4220 4243
4220 4234
4224 4218
4228 4120
4224 4243
4224 4201
4224 4201
4224 4112
4224 4251
4224 4193
4228 4193
4224 4193
4224 4234
4224 4193
4228 4193
4224 4201
4220 4234
4220 4201
4224 4209
4224 4209
4220 4243
4220 4226
4211 4120
4194 4209
4169 4243
4136 4218
4119 4112
4102 4226
4073 4209
4035 4185
4014 4073
4005 4193
3972 4168
3930 4136
3900 4105
3888 4073
3850 4097
3804 4050
3778 3997
3774 3960
3753 3917
3698 3812
3665 3785
3677 3826
3644 3792
3589 3766
3556 3720
3551 3688
3539 3644
3484 3607
3438 3512
3450 3501
3446 3536
3383 3512
3341 3467
3341 3478
3345 3445
3295 3363
3253 3236
3270 3301
3261 3301
3223 3266
3177 3151
3190 3207
3173 3179
3127 8241
3081 3069
3076 3074
3068 2980
3022 3005
2975 3056
2963 2972
2946 3009
2891 2884
2849 2959
2841 2923
2824 2899
2786 2884
2753 2841
2753 2849
2740 2797
2711 -6611
2685 2715
2744 2804
2744 2786
2664 2775
2643 2726
2652 2705
2660 2685
2639 2661
2622 2629
2643 2557
2643 2632
2618 2594
2610 6846
2585 2529
2631 2503
2610 2503
2614 2512
2639 2521
2622 2521
2606 2515
2614 2503
2631 2587
2606 2578
2589 2529
2606 2613
2614 2587
2593 2610
2580 2616
2593 2575
2614 2655
2585 2635
2568 2665
2585 2638
2597 2563
2580 2635
2568 2616
2585 2638
2597 2613
2576 2591
2568 2632
2585 2632
2589 2622
2572 2597
2568 2538
2601 2600
2593 2569
2568 2591
2572 2566
2597 2491
2589 2591
2572 2563
2580 2581
2597 2572
2585 2578
2564 2613
2580 2566
2597 2535
2585 2594
2564 2594
2589 2572
2597 2560
2580 2587
2564 2594
2585 2566
2593 2526
2580 2587
2564 2557
2589 2626
2593 2578
2572 2523
2564 2610
2589 2603
2593 2572
2572 7190
2568 2477
2597 2569
2606 2560
2576 2518
2585 2572
2601 2560
2593 2575
2572 2578
2580 2529
2601 2613
2589 2635
2564 2622
2572 2629
2589 2572
2585 2661
2559 2635
2572 2658
2593 2594
2576 2541
2559 2610
2572 2581
2593 2622
2572 2606
2559 2547
2585 2603
2589 2575
2572 2597
2559 2594
2580 2515
2597 2581
2572 2597
2568 2563
2589 2560
2597 2584
2572 2591
2568 2575
2589 2591
2593 2578
2568 2581
2568 2616
2589 2557
2593 2532
2568 2597
2568 2591
2585 2569
2593 2554
2564 2575
2572 2578
2597 2578
2585 2512
2568 2575
2576 2591
2601 2557
2585 2581
2564 2551
2585 2594
2593 2591
2580 2603
2564 2606
2585 2572
2597 2622
2576 2613
2559 2591
2580 2597
2597 2594
2572 2613
2564 2578
2585 2532
2597 2591
2572 2597
2564 2572
2589 2557
2593 2575
2572 2581
2568 2572
2593 2509
2597 2569
2572 2591
2564 2610
2593 2578
2589 2535
2568 2600
2568 2600
2589 2578
2580 2569
2568 2594
2572 2610
2593 2566
2580 2529
2564 2587
2576 2560
2597 2616
2576 2569
2564 2515
2585 2613
2593 2575
2576 2572
2564 2591
2585 2569
2593 2597
2572 2603
2564 2594
2580 2578
2593 2591
2568 2619
2564 2566
2585 2538
2597 2600
2568 2560
2564 2581
2589 2572
2593 2509
2568 2616
2568 2578
2593 2557
2589 2606
2568 2569
2568 2584
2597 2600
2589 2515
2559 2591
2576 2597
2593 2563
2585 2560
2564 2544
2580 2629
2589 2581
2580 2578
2564 2603
2580 2557
2593 2597
2580 2587
2559 2603
2580 2603
2597 2569
2572 2619
2559 2606
2580 2503
2597 2610
2576 2594
2559 2563
2593 2587
2589 2526
2576 2584
2564 2610
2585 2578
2589 2560
2572 2581
2564 2591
2593 2560
2593 2529
2572 2584
2568 2572
2593 2626
2593 2566
2564 2523
2576 2616
2589 2578
2589 2575
2568 2594
2576 2541
2597 2584
2585 2603
2559 2603
2576 2584
2597 2584
2576 2629
2564 2597
2576 2529
2601 2613
2576 2578
2559 2587
2580 2578
2593 2509
2572 2622
2568 2581
2580 2547
2593 2600
2572 2557
2559 2606
2585 2600
2593 2503
2572 2610
2568 2578
2589 2581
2593 2587
2568 2523
2564 2622
2593 2591
2593 2557
2568 2613
2564 2575
2589 7048
2547 2512
2543 2463
2585 2554
2601 2518
2593 2465
2572 2587
2585 2572
2601 2572
2585 2569
2568 2600
2585 2626
2593 2603
2580 2581
2559 2635
2580 2616
2593 2638
2576 2616
2559 2591
2585 2622
2589 2606
2572 2626
2559 2594
2580 2541
2593 2610
2572 2578
2564 2591
2589 2578
2589 2506
2572 2619
2568 2581
2593 2538
2593 2600
2572 2560
2564 2606
2585 2563
2589 2506
2568 2610
2568 2578
2597 2581
2589 2591
2568 2523
2576 2622
2593 2594
2585 2560
2568 2616
2580 2578
2597 2581
2585 2581
2564 2512
2589 2572
2597 2597
2580 2563
2564 2566
2585 2544
2597 2606
2576 2587
2564 2575
2585 2597
2597 2597
2572 2606
2564 2587
2585 2584
2593 2616
2572 2584
2564 2594
2589 2587
2593 2532
2572 2591
2572 2566
2589 2626
2589 2572
2564 2512
2572 2613
2589 2581
2589 2554
2564 2591
2572 2541
2593 2584
2589 2597
2559 2594
2572 2575
2593 2587
2580 2613
2564 2575
2576 2535
2601 2597
2580 2560
2564 2578
2580 2566
2597 2506
2576 2606
2564 2575
2585 2575
2593 2603
2580 2569
2559 2606
2580 2603
2593 2515
2572 2597
2564 2597
2585 2563
2593 2569
2572 2547
2564 2626
2585 2569
2589 2594
2568 2603
2568 2535
2589 2619
2589 2610
2568 2581
2568 2603
2593 2587
2585 2594
2568 2584
2568 2521
2601 2572
2585 2587
2568 2551
2576 2569
2601 2560
2580 2587
2564 2603
2576 2509
2601 2603
2585 2597
2564 2610
2576 2584
2597 2529
2576 2594
2564 2603
2580 2578
2593 2566
2572 2600
2564 2600
2580 2563
2597 2521
2572 2581
2568 2569
2589 2622
2589 7119
2551 2460
2538 2557
2601 2497
2597 2463
2576 2578
2580 2569
2597 2554
2593 7313
2559 2509
2585 2566
2610 2547
2597 2485
2572 2606
2589 2572
2606 2572
2585 2632
2568 2613
2580 2645
2593 2632
2580 2629
2559 2635
2580 2613
2593 2635
2572 2626
2559 2610
2580 2616
2589 2563
2576 2635
2564 2613
2585 2610
2589 2610
2572 2560
2559 2632
2576 2584
2593 2581
2572 2594
2568 2529
2589 2603
2589 2600
2572 2575
2564 2600
2589 2566
2589 2566
2568 2569
2568 2488
2593 2587
2589 2554
2568 2581
2572 2563
2597 2581
2580 2603
2568 2578
2576 2521
2606 2575
2580 2594
2564 2560
2580 2541
2606 2584
2580 2591
2564 2575
2580 2597
2597 2594
2576 2572
2559 2622
2580 2610
2593 2518
2572 2587
2568 2600
2585 -6611
2543 2529
2559 2551
2648 2645
2580 2606
2593 2587
2568 2594
2564 2532
2585 2616
2589 2606
2568 2597
2564 2591
2585 2523
2593 2591
2568 2606
2568 2575
2589 2569
2593 2591
2568 2600
2564 2569
2593 2581
2589 2581
2564 2557
2572 2619
2589 2554
2585 2529
2564 2600
2572 2584
2589 2572
2585 2563
2564 2584
2576 2584
2597 2554
2580 2515
2568 2575
2585 2587
2597 2560
2580 2569
2564 2544
2589 2594
2593 2578
2576 2600
2564 2606
2593 2572
2593 2613
2572 2610
2564 2606
2589 4120
2543 2521
2555 2529
2572 6979
2547 2457
2589 2463
2585 2491
2593 2491
2614 2497
2597 2538
2580 2551
2589 2600
2606 2566
2585 2557
2572 2635
2580 2619
2601 2652
2580 2645
2564 2642
2576 2648
2597 2626
2572 2668
2559 2648
2572 2632
2589 2638
2572 2575
2555 2652
2572 2597
2593 2563
2572 2587
2564 2551
2585 2629
2589 7414
2547 2518
2538 2547
2593 2506
2606 2509
2576 2551
2585 2547
2597 2572
2601 2547
2572 2500
2585 2584
2597 2581
2593 2563
2572 2581
2585 2557
2601 2638
2589 2616
2564 2603
2576 2610
2593 2560
2589 2635
2564 2622
2576 2606
2597 2597
2580 2544
2559 2613
2576 2594
2589 2626
2580 2626
2559 2560
2585 2629
2593 2603
2576 2613
2559 2603
2580 2535
2597 2606
2576 2566
2559 2584
2580 2572
2593 2503
2572 2610
2568 2569
2589 2572
2593 2581
2576 2547
2564 2616
2585 2554
2593 2526
2572 2610
2564 2578
2597 2594
2589 2575
2564 2584
2568 2603
2593 2560
2589 2521
2568 2581
2576 2563
2597 2566
2580 2563
2568 2535
2585 2622
2597 2581
2580 2581
2564 2600
2580 2547
2597 2597
2576 2594
2564 2603
2580 2603
2601 2569
2572 2619
2568 2610
2580 2518
2597 2594
2576 2600
2564 2629
2585 2560
2593 2541
2572 2619
2568 2581
2589 2591
2593 2584
2568 2518
2568 4050
2538 2518
2585 2448
2572 2557
2580 2554
2597 2512
2593 2560
2576 2554
2585 2603
2606 2572
2585 2544
2568 2610
2576 2603
2593 2610
2580 2613
2568 2551
2585 2613
2601 2610
2580 2613
2559 2613
2580 2569
2593 2632
2576 2613
2559 2597
2576 2594
2593 2538
2572 2613
2559 4027
2534 2541
2585 2526
2576 2532
2568 2597
2589 2544
2597 2526
2576 2584
2576 2600
2593 2584
2589 2578
2568 2603
2568 2632
2589 2600
2585 2581
2564 2626
2568 2616
2589 2622
2580 2594
2559 2544
2576 2626
2589 2587
2576 2597
2564 2597
2572 2529
2601 2584
2576 2600
2559 2569
2572 2557
2597 2575
2572 2584
2564 2581
2576 2512
2593 2584
2572 2581
2564 2594
2576 2575
2589 2515
2572 2603
2568 2581
2585 2551
2589 2587
2572 2557
2564 2600
2580 2557
2585 2518
2568 2587
2572 2581
2580 2566
2580 2560
2568 2566
2572 2581
2589 2575
2580 2509
2568 2594
2572 2566
2589 2569
2580 2569
2568 2572
2576 2594
2589 2569
2580 2515
2564 2584
2580 2563
2589 2563
2576 2560
2568 2532
2585 2600
2589 2584
2576 2594
2564 2603
2580 2584
2585 2619
2576 2603
2559 2594
2580 2587
2580 2587
2568 2626
2564 2587
2580 2526
2585 2606
2568 2575
2568 2575
2585 2575
2580 2515
2568 2600
2572 2572
2589 2566
2585 2584
2568 2563
2572 2603
2589 2551
2580 2521
2568 2597
2572 2581
2589 2572
2576 2569
2568 2584
2576 2594
2589 2569
2572 2523
2572 2591
2576 2575
2589 2572
2572 2569
2568 2532
2585 2603
2589 2581
2572 2587
2568 2591
2585 2578
2585 2613
2568 2597
2564 2581
2580 2597
2585 2575
2568 2591
2572 2572
2585 2506
2589 2597
2568 2569
2572 2560
2589 2575
2589 2563
2564 2591
2576 2563
2589 2506
2585 2581
2568 2575
2580 2563
2589 2569
2580 2569
2568 2591
2589 2587
2597 2515
2593 2603
2589 2591
2614 2572
2627 2587
2622 2554
2618 2635
2643 2622
2664 2619
2656 2638
2664 2597
2698 2678
2706 2655
2694 2702
2711 2698
2736 2685
2744 2705
2740 2719
2757 2722
2791 2665
2791 2747
2795 2695
2820 2793
2845 2743
2841 2801
2845 2761
2875 2830
2896 2864
2891 2868
2891 2880
2917 2911
2946 2951
2942 2931
2946 2947
2980 2887
3013 2963
3005 2967
3009 2992
3047 3013
3064 2955
3060 3026
3076 3065
3106 3056
3114 3065
3110 3096
3123 3087
3144 3101
3160 3105
3144 3114
3152 3123
3181 3155
3190 3092
3177 3193
3190 3227
3202 3203
3211 3203
3198 3222
3211 3251
3228 3169
3228 3246
3211 3281
3223 3286
3240 3174
3244 3276
3228 3276
3232 3291
3253 3184
3257 3281
3240 3296
3244 3311
3265 3188
3265 9740
3232 3207
3190 3179
3303 3188
3295 3174
3282 3246
3299 3227
3316 9439
3265 3146
3249 3184
3345 3184
3354 3188
3345 3236
3345 3251
3354 3271
3362 3301
3354 3353
3354 3348
3366 3286
3383 3363
3366 3395
3362 3439
3383 3456
3387 3428
3379 3363
3375 3456
3396 3450
3404 3439
3392 3478
3387 3478
3404 3461
3408 3363
3404 3445
3400 3461
3408 3445
3421 3478
3400 3461
3396 3369
3417 3439
3421 3445
3408 3439
3400 9784
3345 3353
3413 3256
3429 3337
3429 3348
3438 3374
3438 3401
3429 3291
3421 3385
3429 3406
3425 3401
3417 3445
3408 3439
3425 3369
3425 3461
3408 3450
3408 3461
3421 3495
3421 3495
3400 3445
3404 3385
3421 3467
3425 3473
3404 3456
3400 3456
3425 3478
3421 3445
3413 5424
3400 3348
3413 3358
3450 3385
3429 3401
3425 3379
3438 3385
3434 3401
3421 3395
3417 3434
3429 3445
3434 3348
3413 3417
3413 3428
3429 3439
3421 3473
3408 3478
3408 3456
3425 3358
3434 3445
3408 3461
3408 3450
3425 3478
3421 3467
3404 3434
3400 3363
3425 3445
3425 3461
3404 3456
3404 3456
3421 3434
3417 3358
3404 3439
3413 3434
3434 3417
3421 3439
3400 3428
3408 3337
3434 3417
3421 3428
3404 3417
3413 3456
3429 3461
3425 3322
3408 3406
3425 3417
3446 3406
3438 3450
3434 3450
3450 3417
3476 3428
3471 3439
3476 3423
3492 3439
3526 3456
3522 3439
3526 3374
3556 3473
3577 3473
3577 3484
3598 3530
3619 3541
3644 3565
3656 3536
3669 3467
3711 3501
3724 3601
3732 3631
3753 3656
3774 3681
3791 3694
3795 3707
3820 3733
3829 3766
3850 3779
3854 3806
3871 3826
3875 3826
3879 3847
3892 3779
3909 3792
3913 3881
3930 3939
3938 5968
3917 3819
3858 3826
4001 3847
3993 3826
3980 3840
3972 3874
3972 3881
3976 3889
3963 3819
3963 3826
3963 3924
3963 3975
3972 3975
3951 3946
3967 3953
3963 3968
3963 3953
3955 3874
3967 3983
3963 4012
3959 4012
3959 3975
3963 3990
3967 3975
3959 3889
3972 3983
3972 4027
3963 4020
3959 3968
3963 3990
3972 3975
3963 3881
3967 3946
3967 4005
3976 4005
3963 3997
3963 3960
3955 3953
3976 3960
3963 3867
3967 3968
3972 3997
3972 4005
3963 3968
3963 3975
3963 3960
3972 3960
3967 3867
3963 3968
3972 3990
3963 3990
3963 3960
3955 3975
3963 3968
3967 3874
3972 3960
3972 3997
3967 4005
3963 3990
3967 3953
3959 3968
3967 3953
3963 3867
3980 3953
3972 4005
3967 3990
3963 3997
3976 3953
3959 3968
3967 3960
3967 3874
3976 3968
3972 4005
3963 4005
3959 3960
3967 3968
3959 3968
3955 3960
3963 3867
3967 3953
3967 3990
3963 3997
3963 3953
3967 3968
3963 3953
3959 3953
3967 3867
3972 3960
3972 3983
3959 3983
3963 3946
3972 3960
3963 3953
3959 3939
3963 3861
3972 3953
3967 3990
3959 3983
3959 3939
3972 3953
3967 3953
3963 5854
3959 3746
3980 3746
4018 3847
3997 3861
3988 3910
3984 3917
3972 3924
3967 3896
3972 3903
3963 3931
3972 3931
3955 3847
3967 3854
3963 3946
3963 3990
3955 3990
3959 11773
3867 3840
3972 3847
4018 3847
3997 3861
3980 3792
3984 3806
3976 3903
3967 3946
3972 3953
3963 3953
3963 3924
3963 3953
3963 3946
3963 3953
3959 3874
3963 3968
3963 4005
3963 3997
3959 3960
3963 3983
3967 3975
3963 3889
3972 3983
3967 4020
3963 4027
3963 3983
3959 4012
3963 3983
3955 3896
3972 3990
3963 3997
3967 4012
3955 3975
3976 3983
3967 3968
3963 3946
3963 3881
3972 3968
3972 3997
3959 3997
3967 3960
3967 3968
3967 3960
3959 3867
3972 3968
3972 3997
3972 3997
3955 3997
3967 3939
3976 3968
3988 3960
3980 3874
4009 3968
4022 4005
4047 4005
4064 3968
4102 3990
4136 3983
4169 3903
4211 3997
4215 4027
4220 4043
4215 3997
4215 4035
4215 4020
4215 3946
4215 4035
4220 4081
4215 4050
4215 4058
4220 4066
4215 4066
4215 4105
4215 4105
4220 4089
4215 4073
4215 3990
4215 4120
4215 4120
4215 4081
4215 4097
4215 4005
4215 4128
4215 4136
4220 4089
4220 4097
4220 4005
4220 4128
4220 4128
4220 4089
4220 4097
4220 3997
4220 4128
4220 4136
4220 4089
4220 4089
4220 4005
4220 4120
4220 4128
4220 4081
4220 4097
4215 4005
4220 4128
4220 4128
4220 4097
4220 4097
4215 4005
4220 4128
4220 4128
4220 4105
4220 4097
4215 4012
4220 4136
4220 4136
4220 4112
4220 4105
4220 4012
4220 4136
4215 4136
4220 4112
4215 4105
4215 4105
4215 4136
4215 4105
4220 4120
4220 4012
4220 4105
4220 4144
4215 4105
4220 4120
4215 4020
4220 4112
4215 4144
4220 4105
4215 4112
4215 4027
4220 4152
4220 4144
4220 4128
4220 4112
4215 4112
4215 4144
4215 4152
4220 4128
4220 4112
4220 4112
4215 4152
4215 4105
4220 4128
4215 4020
4220 4120
4220 4144
4220 4105
4215 4112
4215 4020
4215 4152
4215 4144
4220 4128
4220 4112
4220 4112
4220 4152
4215 4105
4215 4120
4215 4112
4220 4112
4220 4144
4220 4105
4220 4120
4220 4020
4220 4112
4220 4136
4220 4097
4220 4105
4220 4012
4220 4144
4220 4144
4224 4097
4220 4105
4215 4012
4220 4136
4220 4136
4220 4112
4220 4105
4220 4005
4220 4136
4215 4136
4220 4112
4220 4097
4220 4097
4220 4136
4220 4128
4220 4112
4220 4097
4220 4097
4220 4120
4220 4128
4220 4105
4220 4089
4220 4097
4220 4128
4220 4128
4220 4097
4220 4089
4220 4097
4220 4120
4215 4128
4220 4097
4220 4089
4220 4097
4215 4120
4215 4128
4220 4097
4220 4089
4220 4089
4220 4128
4220 4120
4220 4105
4220 4089
4220 3997
4220 4120
4220 4128
4220 4105
4220 4089
4215 4005
4215 4144
4215 4136
4220 4128
4215 4105
4220 4105
4220 4144
4215 4097
4220 4112
4220 4012
4220 4105
4215 4136
4207 4097
4186 4112
4165 4012
4136 4105
4106 4136
4068 4089
4052 4105
4022 3983
3988 4073
3967 4105
3934 4050
3896 4050
3862 4027
3820 3917
3808 3997
3770 4012
3715 3990
3677 3924
3652 3903
3635 3874
3577 3819
3526 3799
3497 3739
3476 3720
3429 3675
3375 3631
3345 3613
3329 3553
3286 3501
3223 3467
3181 3417
3160 3332
3118 3281
3064 3227
3030 3203
3009 3048
2971 3074
2925 3052
2891 2976
2866 2947
2828 2812
2774 2826
2736 2786
2698 2754
2643 2648
2585 2688
2534 2622
2488 2603
2429 2535
2358 2435
2307 2480
2252 2396
2198 2344
2135 2284
2080 2260
2026 2175
1967 2123
1908 2058
1849 2006
1794 1909
1735 1860
1685 1811
1635 1762
1584 1752
1538 1700
1492 1665
1454 1614
1420 1581
1395 1542
1366 1479
1345 1443
1324 1407
1307 1373
1290 1323
1273 1288
1260 1270
1252 1222
1239 1207
1235 1176
1227 1127
1218 1127
1214 1123
1210 1094
1197 1102
1189 1065
1181 1075
1164 1077
1139 1083
1118 1092
1088 1071
1050 2903
1004 1034
962 1036
907 1023
844 1017
777 997
697 966
605 939
495 907
365 871
210 846
8 808
0 785
0 762
0 751
0 717
0 684
0 665
0 647
0 602
0 590
0 573
0 541
0 530
0 492
0 491
0 459
0 442
0 418
0 397
0 361
0 364
0 336
0 305
0 281
0 281
0 227
0 227
0 243
0 178
0 178
0 179
0 179
0 111
0 111
0 111
0 99
0 99
0 122
0 122
0 162
0 162
0 162
0 162
0 162
0 49
0 49
0 49
0 49
0 49
0 53
0 53
0 53
0 53
0 53
0 58
0 58
0 58
0 58
0 58
0 58
0 58
0 58
0 58
0 58
0 58
0 58
0 58
0 58
0 58
0 58
0 58
0 58
0 58
0 58
0 58
0 58
0 58
0 58
0 58
0 58
0 58
0 58
0 58
0 58
0 58
0 58
0 58
0 58
0 58
0 58
0 58
0 58
0 58
0 58
0 58
0 58
0 58
0 58
0 58
0 58
0 58
0 58
0 58
0 58
0 58
0 58
0 58
0 58
0 58
0 58
0 58
0 58
0 58
0 58
21 58
58 58
96 58
130 58
172 58
210 58
247 58
281 58
319 58
365 58
399 3
437 3
474 3
512 3
546 3
588 3
622 51
655 352
697 492
722 602
752 689
790 783
811 882
844 978
865 1063
882 1129
912 1179
937 1223
949 1293
966 1300
991 1325
1000 1351
1013 1320
1029 1346
1042 1341
1046 1345
1059 1287
1067 1297
1076 1290
1084 1226
1088 1226
1097 1214
1101 1148
1105 1152
1113 1126
1118 1120
1122 1100
1122 1058
1126 1068
1134 1055
1134 1059
1134 1062
1139 1054
1139 1061
1134 1047
1139 1064
1143 1044
1147 1070
1139 1079
1143 1097
1143 1111
1143 1094
1139 1123
1143 1127
1147 1134
1143 1158
1139 1140
1147 1171
1143 1182
1143 1165
1139 1170
1147 1172
1143 1169
1139 1183
1139 1157
1147 1179
1143 1187
1139 1159
1143 1165
1147 1159
1143 1154
1143 1167
1147 1133
1147 1157
1143 1163
1143 1142
1143 1145
1147 1138
1143 1147
1143 1145
1147 1116
1147 1136
1143 1138
1143 1133
1147 1147
1147 1113
1143 1144
1147 1151
1147 1133
1143 1145
1143 1132
1147 1145
1147 1152
1143 1133
1143 1139
1147 1139
1147 1148
1143 1148
1143 1125
1151 1146
1147 1161
1143 1147
1147 1157
1147 1144
1143 1155
1143 1162
1147 1133
1147 1152
1143 1153
1143 1153
1151 1160
1147 1137
1139 1165
1143 1169
1147 1156
1147 1155
1143 1150
1147 1160
1147 3110
1139 1106
1143 1122
1151 1123
1147 1126
1143 1142
1143 1123
1151 1136
1147 1162
1143 1143
1143 1157
1147 1147
1147 1157
1143 1167
1143 1131
1147 1155
1147 1147
1143 1150
1147 1163
1147 1133
1143 1162
1143 1169
1147 1150
1147 1152
1143 1151
1143 1158
1147 1158
1147 1126
1143 3114
1139 1130
1143 1105
1151 1121
1147 1099
1151 1118
1151 1143
1147 1136
1143 1145
1151 1123
1143 1150
1143 1165
1143 1148
1151 1154
1147 1157
1139 1159
1143 1168
1147 1142
1143 1172
1143 1175
1143 1157
1147 1159
1147 1157
1143 1160
1147 1164
1147 1133
1143 1154
1143 1161
1143 1139
1147 1153
1143 1136
1143 1147
1147 1153
1139 1118
1143 1137
1147 1142
1147 1142
1147 1151
1143 1115
1147 1138
1143 1151
1143 1138
1143 1149
1147 1119
1151 1150
1143 1157
1143 1142
1147 1137
1143 1144
1143 1152
1143 1159
